
2015-11-28 15:57:17 +0000 [226502496017707] <Label.swift:92> intrinsicContentSize()  gutter: {0, 0, 0, 0}; intrinsicContentSize: {50.5, 18.5}
2015-11-28 15:57:17 +0000 [226502946926793] <Label.swift:92> intrinsicContentSize()  gutter: {-10, 0, 0, 0}; intrinsicContentSize: {50.5, 28.5}
2015-11-28 15:57:17 +0000 [226502950451714] <Label.swift:92> intrinsicContentSize()  gutter: {0, 0, 0, 0}; intrinsicContentSize: {28, 14.5}
2015-11-28 15:57:17 +0000 [226502950884145] <Label.swift:92> intrinsicContentSize()  gutter: {0, 0, 0, 0}; intrinsicContentSize: {50.5, 18.5}
2015-11-28 15:57:18 +0000 [226503418113707] <Label.swift:92> intrinsicContentSize()  gutter: {0, 0, 0, 0}; intrinsicContentSize: {28, 14.5}
2015-11-28 15:57:18 +0000 [226503552459022] <Label.swift:92> intrinsicContentSize()  gutter: {0, 0, 0, 0}; intrinsicContentSize: {28, 14.5}
2015-11-28 15:57:18 +0000 [226503894253366] <Label.swift:92> intrinsicContentSize()  gutter: {-10, 0, 0, 0}; intrinsicContentSize: {50.5, 28.5}
2015-11-28 15:57:18 +0000 [226503897974744] <Label.swift:92> intrinsicContentSize()  gutter: {-10, 0, 0, 0}; intrinsicContentSize: {50.5, 28.5}
2015-11-28 15:57:19 +0000 [226504410521265] <Label.swift:92> intrinsicContentSize()  gutter: {0, 0, 0, 0}; intrinsicContentSize: {28, 14.5}
2015-11-28 15:57:19 +0000 [226504895124567] <Label.swift:92> intrinsicContentSize()  gutter: {0, 0, 0, 0}; intrinsicContentSize: {28, 14.5}
2015-11-28 15:57:19 +0000 [226504906528101] <Label.swift:92> intrinsicContentSize()  gutter: {0, 0, 0, 0}; intrinsicContentSize: {28, 14.5}
2015-11-28 15:57:19 +0000 [226504907772730] <Label.swift:92> intrinsicContentSize()  gutter: {0, 0, 0, 0}; intrinsicContentSize: {28, 14.5}
2015-11-28 15:57:20 +0000 [226505374169979] <Label.swift:92> intrinsicContentSize()  gutter: {0, 0, 0, 0}; intrinsicContentSize: {28, 14.5}
2015-11-28 15:57:20 +0000 [226505378338556] <Label.swift:92> intrinsicContentSize()  gutter: {0, 0, 0, 0}; intrinsicContentSize: {28, 14.5}
2015-11-28 15:57:20 +0000 [226505383092532] <Label.swift:92> intrinsicContentSize()  gutter: {0, 0, 0, 0}; intrinsicContentSize: {28, 14.5}
2015-11-28 15:57:20 +0000 [226505397962898] <Label.swift:92> intrinsicContentSize()  gutter: {0, 0, 0, 0}; intrinsicContentSize: {28, 14.5}
2015-11-28 15:57:20 +0000 [226505522457168] <Label.swift:92> intrinsicContentSize()  gutter: {0, 0, 0, 0}; intrinsicContentSize: {28, 14.5}
2015-11-28 15:57:22 +0000 [226507388526745] <Label.swift:92> intrinsicContentSize()  gutter: {0, 0, 0, 0}; intrinsicContentSize: {28, 14.5}
2015-11-28 15:57:22 +0000 [226507513748515] <Label.swift:92> intrinsicContentSize()  gutter: {0, 0, 0, 0}; intrinsicContentSize: {28, 14.5}
2015-11-28 17:01:45 +0000 [228416770829732] <Label.swift:92> intrinsicContentSize()  gutter: {0, 0, 0, 0}; intrinsicContentSize: {28, 14.5}
2015-11-28 17:01:46 +0000 [228417229269107] <Label.swift:92> intrinsicContentSize()  gutter: {0, 0, 0, 0}; intrinsicContentSize: {28, 14.5}
2015-11-28 17:01:46 +0000 [228417239074324] <Label.swift:92> intrinsicContentSize()  gutter: {0, 0, 0, 0}; intrinsicContentSize: {28, 14.5}
2015-11-28 17:01:46 +0000 [228417240537156] <Label.swift:92> intrinsicContentSize()  gutter: {0, 0, 0, 0}; intrinsicContentSize: {28, 14.5}
2015-11-28 17:01:46 +0000 [228417710614031] <Label.swift:92> intrinsicContentSize()  gutter: {0, 0, 0, 0}; intrinsicContentSize: {28, 14.5}
2015-11-28 17:01:46 +0000 [228417715223953] <Label.swift:92> intrinsicContentSize()  gutter: {0, 0, 0, 0}; intrinsicContentSize: {28, 14.5}
2015-11-28 17:01:46 +0000 [228417729896019] <Label.swift:92> intrinsicContentSize()  gutter: {0, 0, 0, 0}; intrinsicContentSize: {28, 14.5}
2015-11-28 17:01:46 +0000 [228417861905848] <Label.swift:92> intrinsicContentSize()  gutter: {0, 0, 0, 0}; intrinsicContentSize: {28, 14.5}
2015-11-29 15:37:27 +0000 [229358041509893] <Label.swift:92> intrinsicContentSize()  gutter: {0, 0, 0, 0}; intrinsicContentSize: {23.5, 14}
2015-11-29 15:37:27 +0000 [229358566473391] <Label.swift:92> intrinsicContentSize()  gutter: {0, 0, 0, 0}; intrinsicContentSize: {23.5, 14}
2015-11-29 15:37:28 +0000 [229359044833099] <Label.swift:92> intrinsicContentSize()  gutter: {0, 0, 0, 0}; intrinsicContentSize: {23.5, 14}
2015-11-29 15:37:28 +0000 [229359518264020] <Label.swift:92> intrinsicContentSize()  gutter: {0, 0, 0, 0}; intrinsicContentSize: {23.5, 14}
2015-11-29 15:37:28 +0000 [229359522150607] <Label.swift:92> intrinsicContentSize()  gutter: {0, 0, 0, 0}; intrinsicContentSize: {23.5, 14}
2015-11-29 15:37:28 +0000 [229359525490617] <Label.swift:92> intrinsicContentSize()  gutter: {0, 0, 0, 0}; intrinsicContentSize: {23.5, 14}
2015-11-29 15:37:28 +0000 [229359541046301] <Label.swift:92> intrinsicContentSize()  gutter: {0, 0, 0, 0}; intrinsicContentSize: {23.5, 14}
2015-11-29 15:37:28 +0000 [229359672530121] <Label.swift:92> intrinsicContentSize()  gutter: {0, 0, 0, 0}; intrinsicContentSize: {23.5, 14}
2015-11-29 15:40:18 +0000 [229528914351761] <Label.swift:92> intrinsicContentSize()  gutter: {0, 0, 0, 0}; intrinsicContentSize: {28, 14.5}
2015-11-29 15:40:18 +0000 [229529419246938] <Label.swift:92> intrinsicContentSize()  gutter: {0, 0, 0, 0}; intrinsicContentSize: {28, 14.5}
2015-11-29 15:40:19 +0000 [229529888437046] <Label.swift:92> intrinsicContentSize()  gutter: {0, 0, 0, 0}; intrinsicContentSize: {28, 14.5}
2015-11-29 15:40:19 +0000 [229529899341458] <Label.swift:92> intrinsicContentSize()  gutter: {0, 0, 0, 0}; intrinsicContentSize: {28, 14.5}
2015-11-29 15:40:19 +0000 [229529900361821] <Label.swift:92> intrinsicContentSize()  gutter: {0, 0, 0, 0}; intrinsicContentSize: {28, 14.5}
2015-11-29 15:40:19 +0000 [229530375592727] <Label.swift:92> intrinsicContentSize()  gutter: {0, 0, 0, 0}; intrinsicContentSize: {28, 14.5}
2015-11-29 15:40:19 +0000 [229530378717827] <Label.swift:92> intrinsicContentSize()  gutter: {0, 0, 0, 0}; intrinsicContentSize: {28, 14.5}
2015-11-29 15:40:19 +0000 [229530394004196] <Label.swift:92> intrinsicContentSize()  gutter: {0, 0, 0, 0}; intrinsicContentSize: {28, 14.5}
2015-11-29 15:40:19 +0000 [229530525418597] <Label.swift:92> intrinsicContentSize()  gutter: {0, 0, 0, 0}; intrinsicContentSize: {28, 14.5}
2015-11-29 15:40:21 +0000 [229532112803256] <Label.swift:92> intrinsicContentSize()  gutter: {100, 10, 0, 0}; intrinsicContentSize: {60.5, 118.5}
2015-11-29 15:42:59 +0000 [229690662189369] <Label.swift:92> intrinsicContentSize()  gutter: {100, 10, 0, 0}; intrinsicContentSize: {60.5, 118.5}
2015-11-29 15:43:00 +0000 [229691165152997] <Label.swift:92> intrinsicContentSize()  gutter: {0, 0, 0, 0}; intrinsicContentSize: {28, 14.5}
2015-11-29 15:43:00 +0000 [229691621476871] <Label.swift:92> intrinsicContentSize()  gutter: {0, 0, 0, 0}; intrinsicContentSize: {28, 14.5}
2015-11-29 15:43:00 +0000 [229691632813573] <Label.swift:92> intrinsicContentSize()  gutter: {0, 0, 0, 0}; intrinsicContentSize: {28, 14.5}
2015-11-29 15:43:01 +0000 [229692088740876] <Label.swift:92> intrinsicContentSize()  gutter: {0, 0, 0, 0}; intrinsicContentSize: {28, 14.5}
2015-11-29 15:43:01 +0000 [229692095179418] <Label.swift:92> intrinsicContentSize()  gutter: {0, 0, 0, 0}; intrinsicContentSize: {28, 14.5}
2015-11-29 15:43:01 +0000 [229692109777369] <Label.swift:92> intrinsicContentSize()  gutter: {0, 0, 0, 0}; intrinsicContentSize: {28, 14.5}
2015-11-29 15:43:01 +0000 [229692234761109] <Label.swift:92> intrinsicContentSize()  gutter: {0, 0, 0, 0}; intrinsicContentSize: {28, 14.5}
2015-11-29 15:43:03 +0000 [229694056606815] <Label.swift:92> intrinsicContentSize()  gutter: {100, 10, 0, 0}; intrinsicContentSize: {60.5, 118.5}
2015-11-29 17:23:57 +0000 [235748124152542] <Label.swift:92> intrinsicContentSize()  gutter: {0, 0, 0, 0}; intrinsicContentSize: {28, 14.5}
2015-11-29 17:23:58 +0000 [235749081568432] <Label.swift:92> intrinsicContentSize()  gutter: {0, 0, 0, 0}; intrinsicContentSize: {28, 14.5}
2015-11-29 17:24:00 +0000 [235750946063582] <Label.swift:92> intrinsicContentSize()  gutter: {0, 0, 0, 0}; intrinsicContentSize: {28, 14.5}
2015-11-29 17:24:00 +0000 [235751072685338] <Label.swift:92> intrinsicContentSize()  gutter: {0, 0, 0, 0}; intrinsicContentSize: {28, 14.5}
2015-11-29 17:24:00 +0000 [235751408262894] <Label.swift:92> intrinsicContentSize()  gutter: {128, 0, 0, 0}; intrinsicContentSize: {50.5, 146.5}
2015-11-29 17:24:00 +0000 [235751411744743] <Label.swift:92> intrinsicContentSize()  gutter: {0, 0, 0, 0}; intrinsicContentSize: {28, 14.5}
2015-11-29 17:24:00 +0000 [235751539011115] <Label.swift:92> intrinsicContentSize()  gutter: {0, 0, 0, 0}; intrinsicContentSize: {28, 14.5}
2015-11-29 17:24:35 +0000 [235786321899011] <Label.swift:92> intrinsicContentSize()  gutter: {0, 0, 0, 0}; intrinsicContentSize: {28, 14.5}
2015-11-29 17:24:36 +0000 [235787321610290] <Label.swift:92> intrinsicContentSize()  gutter: {0, 0, 0, 0}; intrinsicContentSize: {28, 14.5}
2015-11-29 17:24:37 +0000 [235788269061381] <Label.swift:92> intrinsicContentSize()  gutter: {0, 0, 0, 0}; intrinsicContentSize: {28, 14.5}
2015-11-29 17:35:08 +0000 [236419129403475] <Label.swift:92> intrinsicContentSize()  gutter: {0, 0, 0, 0}; intrinsicContentSize: {28, 14.5}
2015-11-29 17:35:09 +0000 [236420083147821] <Label.swift:92> intrinsicContentSize()  gutter: {0, 0, 0, 0}; intrinsicContentSize: {28, 14.5}
2015-11-29 17:35:11 +0000 [236422268705657] <Label.swift:92> intrinsicContentSize()  gutter: {0, 0, 0, 0}; intrinsicContentSize: {28, 14.5}
2015-11-29 17:35:11 +0000 [236422285205457] <Label.swift:92> intrinsicContentSize()  gutter: {0, 0, 0, 0}; intrinsicContentSize: {28, 14.5}
2015-11-29 17:35:11 +0000 [236422409293233] <Label.swift:92> intrinsicContentSize()  gutter: {0, 0, 0, 0}; intrinsicContentSize: {28, 14.5}
2015-11-29 17:35:11 +0000 [236422746402326] <Label.swift:92> intrinsicContentSize()  gutter: {128, 0, 0, 0}; intrinsicContentSize: {50.5, 146.5}
2015-11-29 17:35:12 +0000 [236422871253152] <Label.swift:92> intrinsicContentSize()  gutter: {0, 0, 0, 0}; intrinsicContentSize: {28, 14.5}
2015-11-29 17:35:38 +0000 [236449485999460] <Label.swift:92> intrinsicContentSize()  gutter: {0, 0, 0, 0}; intrinsicContentSize: {28, 14.5}
2015-11-29 17:35:39 +0000 [236450464585285] <Label.swift:92> intrinsicContentSize()  gutter: {0, 0, 0, 0}; intrinsicContentSize: {28, 14.5}
2015-11-29 17:35:40 +0000 [236451417916518] <Label.swift:92> intrinsicContentSize()  gutter: {0, 0, 0, 0}; intrinsicContentSize: {28, 14.5}
2015-11-29 17:58:31 +0000 [237822844766210] <Label.swift:92> intrinsicContentSize()  gutter: {0, 0, 0, 0}; intrinsicContentSize: {28, 14.5}
2015-11-29 17:58:32 +0000 [237823810715013] <Label.swift:92> intrinsicContentSize()  gutter: {0, 0, 0, 0}; intrinsicContentSize: {28, 14.5}
2015-11-29 18:21:34 +0000 [239205452749616] <Label.swift:92> intrinsicContentSize()  gutter: {0, 0, 0, 0}; intrinsicContentSize: {28, 14.5}
2015-11-29 18:21:35 +0000 [239206448286969] <Label.swift:92> intrinsicContentSize()  gutter: {0, 0, 0, 0}; intrinsicContentSize: {28, 14.5}
2015-11-29 18:36:11 +0000 [240082592303366] <Label.swift:92> intrinsicContentSize()  gutter: {0, 0, 0, 0}; intrinsicContentSize: {28, 14.5}
2015-11-29 18:36:12 +0000 [240083582958179] <Label.swift:92> intrinsicContentSize()  gutter: {0, 0, 0, 0}; intrinsicContentSize: {28, 14.5}
2015-12-01 02:34:25 +0000 [246721282724425] <Label.swift:92> intrinsicContentSize()  gutter: {0, 0, 0, 0}; intrinsicContentSize: {28, 14.5}
2015-12-01 02:34:26 +0000 [246722117337702] <Label.swift:92> intrinsicContentSize()  gutter: {150.5, 0, 0, 0}; intrinsicContentSize: {50.5, 169}
2015-12-01 02:34:26 +0000 [246723106221572] <Label.swift:92> intrinsicContentSize()  gutter: {0, 0, 0, 0}; intrinsicContentSize: {28, 14.5}
2015-12-01 02:34:27 +0000 [246723239484496] <Label.swift:92> intrinsicContentSize()  gutter: {150.5, 0, 0, 0}; intrinsicContentSize: {50.5, 169}
2015-12-01 02:34:27 +0000 [246723578114163] <Label.swift:92> intrinsicContentSize()  gutter: {0, 0, 0, 0}; intrinsicContentSize: {28, 14.5}
2015-12-01 02:34:27 +0000 [246723705634266] <Label.swift:92> intrinsicContentSize()  gutter: {0, 0, 0, 0}; intrinsicContentSize: {28, 14.5}
2015-12-01 02:34:41 +0000 [246737229105767] <Label.swift:92> intrinsicContentSize()  gutter: {0, 0, 0, 0}; intrinsicContentSize: {28, 14.5}
2015-12-01 02:34:42 +0000 [246738139064618] <Label.swift:92> intrinsicContentSize()  gutter: {150.5, 0, 0, 0}; intrinsicContentSize: {50.5, 169}
2015-12-01 02:35:48 +0000 [246804630348343] <Label.swift:92> intrinsicContentSize()  gutter: {0, 0, 0, 0}; intrinsicContentSize: {28, 14.5}
2015-12-01 02:35:49 +0000 [246805548371805] <Label.swift:92> intrinsicContentSize()  gutter: {150.5, 0, 0, 0}; intrinsicContentSize: {50.5, 169}
2015-12-01 02:37:34 +0000 [246911048630717] <Label.swift:92> intrinsicContentSize()  gutter: {0, 0, 0, 0}; intrinsicContentSize: {28, 14.5}
2015-12-01 02:37:35 +0000 [246911968021609] <Label.swift:92> intrinsicContentSize()  gutter: {150.5, 0, 0, 0}; intrinsicContentSize: {50.5, 169}
2015-12-01 02:39:36 +0000 [247032181881011] <Label.swift:92> intrinsicContentSize()  gutter: {0, 0, 0, 0}; intrinsicContentSize: {28, 14.5}
2015-12-01 02:39:36 +0000 [247033108712582] <Label.swift:92> intrinsicContentSize()  gutter: {0, 0, 0, 0}; intrinsicContentSize: {28, 14.5}
2015-12-01 14:24:42 +0000 [256978744432119] <Label.swift:92> intrinsicContentSize()  gutter: {0, 0, 0, 0}; intrinsicContentSize: {23.5, 14}
2015-12-01 14:24:43 +0000 [256979695386168] <Label.swift:92> intrinsicContentSize()  gutter: {0, 0, 0, 0}; intrinsicContentSize: {23.5, 14}
2015-12-01 23:08:00 +0000 [266942785322323] <Label.swift:92> intrinsicContentSize()  gutter: {0, 0, 0, 0}; intrinsicContentSize: {28, 14.5}
2015-12-01 23:08:01 +0000 [266943707240705] <Label.swift:92> intrinsicContentSize()  gutter: {0, 0, 0, 0}; intrinsicContentSize: {28, 14.5}
2015-12-01 23:11:56 +0000 [267178901920939] <Label.swift:92> intrinsicContentSize()  gutter: {0, 0, 0, 0}; intrinsicContentSize: {28, 14.5}
2015-12-01 23:11:57 +0000 [267179826550074] <Label.swift:92> intrinsicContentSize()  gutter: {0, 0, 0, 0}; intrinsicContentSize: {28, 14.5}
2015-12-13 17:59:36 +0000 [29706553925923] <Label.swift:92> intrinsicContentSize()  gutter: {0, 0, 0, 0}; intrinsicContentSize: {28, 14.5}
2015-12-13 17:59:37 +0000 [29707493508218] <Label.swift:92> intrinsicContentSize()  gutter: {0, 0, 0, 0}; intrinsicContentSize: {28, 14.5}
2015-12-13 17:59:38 +0000 [29708471125762] <Label.swift:92> intrinsicContentSize()  gutter: {0, 0, 0, 0}; intrinsicContentSize: {28, 14.5}
2015-12-13 17:59:38 +0000 [29708598429083] <Label.swift:92> intrinsicContentSize()  gutter: {0, 0, 0, 0}; intrinsicContentSize: {28, 14.5}
2015-12-13 17:59:38 +0000 [29708601495362] <Label.swift:92> intrinsicContentSize()  gutter: {150.5, 0, 0, 0}; intrinsicContentSize: {50.5, 169}
2015-12-13 17:59:39 +0000 [29709059041594] <Label.swift:92> intrinsicContentSize()  gutter: {0, 0, 0, 0}; intrinsicContentSize: {28, 14.5}
2015-12-13 17:59:41 +0000 [29710670089282] <Label.swift:92> intrinsicContentSize()  gutter: {0, 0, 0, 0}; intrinsicContentSize: {28, 14.5}
2015-12-13 18:00:48 +0000 [29778497255733] <Label.swift:92> intrinsicContentSize()  gutter: {0, 0, 0, 0}; intrinsicContentSize: {28, 14.5}
2015-12-13 18:00:49 +0000 [29779455071887] <Label.swift:92> intrinsicContentSize()  gutter: {0, 0, 0, 0}; intrinsicContentSize: {28, 14.5}
2015-12-13 18:00:49 +0000 [29779580189550] <Label.swift:92> intrinsicContentSize()  gutter: {0, 0, 0, 0}; intrinsicContentSize: {28, 14.5}
2015-12-13 18:00:49 +0000 [29779583376248] <Label.swift:92> intrinsicContentSize()  gutter: {150.5, 0, 0, 0}; intrinsicContentSize: {50.5, 169}
2015-12-13 18:00:50 +0000 [29780046750908] <Label.swift:92> intrinsicContentSize()  gutter: {0, 0, 0, 0}; intrinsicContentSize: {28, 14.5}
2015-12-13 18:00:51 +0000 [29781306208493] <Label.swift:92> intrinsicContentSize()  gutter: {0, 0, 0, 0}; intrinsicContentSize: {28, 14.5}
2015-12-13 18:00:52 +0000 [29782227797720] <Label.swift:92> intrinsicContentSize()  gutter: {0, 0, 0, 0}; intrinsicContentSize: {28, 14.5}
2015-12-13 18:00:55 +0000 [29784920271410] <Label.swift:92> intrinsicContentSize()  gutter: {0, 0, 0, 0}; intrinsicContentSize: {28, 14.5}
2015-12-13 18:00:57 +0000 [29786773665588] <Label.swift:92> intrinsicContentSize()  gutter: {150.5, 0, 0, 0}; intrinsicContentSize: {50.5, 169}
2015-12-13 18:00:58 +0000 [29787712301630] <Label.swift:92> intrinsicContentSize()  gutter: {0, 0, 0, 0}; intrinsicContentSize: {28, 14.5}
2015-12-13 18:00:59 +0000 [29788681986480] <Label.swift:92> intrinsicContentSize()  gutter: {0, 0, 0, 0}; intrinsicContentSize: {28, 14.5}
2015-12-13 18:00:59 +0000 [29788700782462] <Label.swift:92> intrinsicContentSize()  gutter: {0, 0, 0, 0}; intrinsicContentSize: {28, 14.5}
2015-12-13 18:00:59 +0000 [29788824526977] <Label.swift:92> intrinsicContentSize()  gutter: {0, 0, 0, 0}; intrinsicContentSize: {28, 14.5}
2015-12-13 18:00:59 +0000 [29788827529025] <Label.swift:92> intrinsicContentSize()  gutter: {150.5, 0, 0, 0}; intrinsicContentSize: {50.5, 169}
2015-12-13 18:00:59 +0000 [29789280075037] <Label.swift:92> intrinsicContentSize()  gutter: {0, 0, 0, 0}; intrinsicContentSize: {28, 14.5}
2015-12-13 18:07:58 +0000 [30207669898979] <Label.swift:92> intrinsicContentSize()  gutter: {0, 0, 0, 0}; intrinsicContentSize: {28, 14.5}
2015-12-13 18:07:58 +0000 [30208581364340] <Label.swift:92> intrinsicContentSize()  gutter: {150.5, 0, 0, 0}; intrinsicContentSize: {50.5, 169}
2015-12-13 18:09:29 +0000 [30299626886087] <Label.swift:92> intrinsicContentSize()  gutter: {0, 0, 0, 0}; intrinsicContentSize: {28, 14.5}
2015-12-13 18:09:30 +0000 [30300564017444] <Label.swift:92> intrinsicContentSize()  gutter: {0, 0, 0, 0}; intrinsicContentSize: {28, 14.5}
2015-12-13 18:10:50 +0000 [30380498392237] <Label.swift:92> intrinsicContentSize()  gutter: {0, 0, 0, 0}; intrinsicContentSize: {28, 14.5}
2015-12-13 18:10:51 +0000 [30381439297220] <Label.swift:92> intrinsicContentSize()  gutter: {0, 0, 0, 0}; intrinsicContentSize: {28, 14.5}
2015-12-13 19:30:38 +0000 [32798409037279] <Label.swift:92> intrinsicContentSize()  gutter: {0, 0, 0, 0}; intrinsicContentSize: {28, 14.5}
2015-12-13 19:30:39 +0000 [32799352369965] <Label.swift:92> intrinsicContentSize()  gutter: {0, 0, 0, 0}; intrinsicContentSize: {28, 14.5}
2015-12-14 17:14:19 +0000 [41118766606883] <Label.swift:92> intrinsicContentSize()  gutter: {0, 0, 0, 0}; intrinsicContentSize: {28, 14.5}
2015-12-14 17:14:20 +0000 [41119695283872] <Label.swift:92> intrinsicContentSize()  gutter: {0, 0, 0, 0}; intrinsicContentSize: {28, 14.5}
2015-12-14 17:14:21 +0000 [41120684661246] <Label.swift:92> intrinsicContentSize()  gutter: {0, 0, 0, 0}; intrinsicContentSize: {28, 14.5}
2015-12-14 17:14:21 +0000 [41120810184850] <Label.swift:92> intrinsicContentSize()  gutter: {0, 0, 0, 0}; intrinsicContentSize: {28, 14.5}
2015-12-14 17:14:21 +0000 [41120813137761] <Label.swift:92> intrinsicContentSize()  gutter: {150.5, 0, 0, 0}; intrinsicContentSize: {50.5, 169}
2015-12-14 17:14:21 +0000 [41121142593816] <Label.swift:92> intrinsicContentSize()  gutter: {0, 0, 0, 0}; intrinsicContentSize: {28, 14.5}
2015-12-14 17:14:22 +0000 [41121267605560] <Label.swift:92> intrinsicContentSize()  gutter: {0, 0, 0, 0}; intrinsicContentSize: {28, 14.5}
2015-12-15 14:45:32 +0000 [42232721732088] <Label.swift:92> intrinsicContentSize()  gutter: {0, 0, 0, 0}; intrinsicContentSize: {28, 14.5}
2015-12-15 14:45:33 +0000 [42233576898133] <Label.swift:92> intrinsicContentSize()  gutter: {0, 0, 0, 0}; intrinsicContentSize: {28, 14.5}
2015-12-15 14:45:34 +0000 [42234627101110] <Label.swift:92> intrinsicContentSize()  gutter: {0, 0, 0, 0}; intrinsicContentSize: {28, 14.5}
2015-12-15 14:45:34 +0000 [42234753205837] <Label.swift:92> intrinsicContentSize()  gutter: {0, 0, 0, 0}; intrinsicContentSize: {28, 14.5}
2015-12-15 14:45:34 +0000 [42234756322163] <Label.swift:92> intrinsicContentSize()  gutter: {150.5, 0, 0, 0}; intrinsicContentSize: {50.5, 169}
2015-12-15 14:45:34 +0000 [42235099235868] <Label.swift:92> intrinsicContentSize()  gutter: {0, 0, 0, 0}; intrinsicContentSize: {28, 14.5}
2015-12-15 14:45:34 +0000 [42235226596852] <Label.swift:92> intrinsicContentSize()  gutter: {0, 0, 0, 0}; intrinsicContentSize: {28, 14.5}
2015-12-15 14:45:48 +0000 [42249034041258] <Label.swift:92> intrinsicContentSize()  gutter: {150.5, 0, 0, 0}; intrinsicContentSize: {50.5, 169}
2015-12-15 14:45:49 +0000 [42249969025267] <Label.swift:92> intrinsicContentSize()  gutter: {0, 0, 0, 0}; intrinsicContentSize: {28, 14.5}
2015-12-15 14:45:58 +0000 [42259030780998] <Label.swift:92> intrinsicContentSize()  gutter: {0, 0, 0, 0}; intrinsicContentSize: {28, 14.5}
2015-12-15 14:45:59 +0000 [42259958388634] <Label.swift:92> intrinsicContentSize()  gutter: {0, 0, 0, 0}; intrinsicContentSize: {28, 14.5}
2015-12-15 14:46:14 +0000 [42274556367238] <Label.swift:92> intrinsicContentSize()  gutter: {150.5, 0, 0, 0}; intrinsicContentSize: {50.5, 169}
2015-12-15 14:46:15 +0000 [42275492874072] <Label.swift:92> intrinsicContentSize()  gutter: {0, 0, 0, 0}; intrinsicContentSize: {28, 14.5}
2015-12-15 14:46:23 +0000 [42284226737771] <Label.swift:92> intrinsicContentSize()  gutter: {150.5, 0, 0, 0}; intrinsicContentSize: {50.5, 169}
2015-12-15 14:46:24 +0000 [42285161008533] <Label.swift:92> intrinsicContentSize()  gutter: {0, 0, 0, 0}; intrinsicContentSize: {28, 14.5}
2015-12-15 14:46:32 +0000 [42293236400266] <Label.swift:92> intrinsicContentSize()  gutter: {0, 0, 0, 0}; intrinsicContentSize: {28, 14.5}
2015-12-15 14:46:33 +0000 [42294174859920] <Label.swift:92> intrinsicContentSize()  gutter: {0, 0, 0, 0}; intrinsicContentSize: {28, 14.5}
2015-12-15 14:57:41 +0000 [42962179837272] <Label.swift:92> intrinsicContentSize()  gutter: {0, 0, 0, 0}; intrinsicContentSize: {28, 14.5}
2015-12-15 14:57:42 +0000 [42963120136239] <Label.swift:92> intrinsicContentSize()  gutter: {0, 0, 0, 0}; intrinsicContentSize: {28, 14.5}
2015-12-15 15:06:48 +0000 [43508918337744] <Label.swift:92> intrinsicContentSize()  gutter: {0, 0, 0, 0}; intrinsicContentSize: {28, 14.5}
2015-12-15 15:06:49 +0000 [43509820709825] <Label.swift:92> intrinsicContentSize()  gutter: {0, 0, 0, 0}; intrinsicContentSize: {28, 14.5}
2015-12-15 15:06:50 +0000 [43510776231167] <Label.swift:92> intrinsicContentSize()  gutter: {0, 0, 0, 0}; intrinsicContentSize: {28, 14.5}
2015-12-15 15:06:50 +0000 [43510903381335] <Label.swift:92> intrinsicContentSize()  gutter: {0, 0, 0, 0}; intrinsicContentSize: {28, 14.5}
2015-12-15 15:06:50 +0000 [43510906281660] <Label.swift:92> intrinsicContentSize()  gutter: {150.5, 0, 0, 0}; intrinsicContentSize: {50.5, 169}
2015-12-15 15:06:50 +0000 [43511240189240] <Label.swift:92> intrinsicContentSize()  gutter: {0, 0, 0, 0}; intrinsicContentSize: {28, 14.5}
2015-12-15 15:06:50 +0000 [43511366600551] <Label.swift:92> intrinsicContentSize()  gutter: {0, 0, 0, 0}; intrinsicContentSize: {28, 14.5}
2015-12-15 15:06:52 +0000 [43512706315738] <Label.swift:92> intrinsicContentSize()  gutter: {0, 0, 0, 0}; intrinsicContentSize: {28, 14.5}
2015-12-15 15:06:53 +0000 [43513619095641] <Label.swift:92> intrinsicContentSize()  gutter: {0, 0, 0, 0}; intrinsicContentSize: {28, 14.5}
2015-12-15 15:07:46 +0000 [43566908267714] <Label.swift:92> intrinsicContentSize()  gutter: {0, 0, 0, 0}; intrinsicContentSize: {28, 14.5}
2015-12-15 15:07:47 +0000 [43567831665551] <Label.swift:92> intrinsicContentSize()  gutter: {0, 0, 0, 0}; intrinsicContentSize: {28, 14.5}
2015-12-15 15:07:48 +0000 [43568823101939] <Label.swift:92> intrinsicContentSize()  gutter: {0, 0, 0, 0}; intrinsicContentSize: {28, 14.5}
2015-12-15 15:07:48 +0000 [43568951698656] <Label.swift:92> intrinsicContentSize()  gutter: {0, 0, 0, 0}; intrinsicContentSize: {28, 14.5}
2015-12-15 15:07:48 +0000 [43568954506853] <Label.swift:92> intrinsicContentSize()  gutter: {150.5, 0, 0, 0}; intrinsicContentSize: {50.5, 169}
2015-12-15 15:07:48 +0000 [43569283071131] <Label.swift:92> intrinsicContentSize()  gutter: {0, 0, 0, 0}; intrinsicContentSize: {28, 14.5}
2015-12-15 15:07:49 +0000 [43569410464142] <Label.swift:92> intrinsicContentSize()  gutter: {0, 0, 0, 0}; intrinsicContentSize: {28, 14.5}
2015-12-15 15:08:01 +0000 [43581479978816] <Label.swift:92> intrinsicContentSize()  gutter: {150.5, 0, 0, 0}; intrinsicContentSize: {50.5, 169}
2015-12-15 15:08:01 +0000 [43582390053311] <Label.swift:92> intrinsicContentSize()  gutter: {0, 0, 0, 0}; intrinsicContentSize: {28, 14.5}
2015-12-15 15:08:11 +0000 [43592107867183] <Label.swift:92> intrinsicContentSize()  gutter: {150.5, 0, 0, 0}; intrinsicContentSize: {50.5, 169}
2015-12-15 15:08:12 +0000 [43593055611208] <Label.swift:92> intrinsicContentSize()  gutter: {0, 0, 0, 0}; intrinsicContentSize: {28, 14.5}
2015-12-15 15:08:21 +0000 [43602013602115] <Label.swift:92> intrinsicContentSize()  gutter: {0, 0, 0, 0}; intrinsicContentSize: {28, 14.5}
2015-12-15 15:08:22 +0000 [43602937630772] <Label.swift:92> intrinsicContentSize()  gutter: {0, 0, 0, 0}; intrinsicContentSize: {28, 14.5}
2015-12-15 15:31:28 +0000 [44989010407834] <Label.swift:92> intrinsicContentSize()  gutter: {0, 0, 0, 0}; intrinsicContentSize: {28, 14.5}
2015-12-15 15:31:29 +0000 [44989947165064] <Label.swift:92> intrinsicContentSize()  gutter: {0, 0, 0, 0}; intrinsicContentSize: {28, 14.5}
2015-12-15 15:31:30 +0000 [44990939086604] <Label.swift:92> intrinsicContentSize()  gutter: {0, 0, 0, 0}; intrinsicContentSize: {28, 14.5}
2015-12-15 15:31:30 +0000 [44991063767601] <Label.swift:92> intrinsicContentSize()  gutter: {0, 0, 0, 0}; intrinsicContentSize: {28, 14.5}
2015-12-15 15:31:30 +0000 [44991066729354] <Label.swift:92> intrinsicContentSize()  gutter: {150.5, 0, 0, 0}; intrinsicContentSize: {50.5, 169}
2015-12-15 15:31:30 +0000 [44991407243588] <Label.swift:92> intrinsicContentSize()  gutter: {0, 0, 0, 0}; intrinsicContentSize: {28, 14.5}
2015-12-15 15:31:31 +0000 [44991532494766] <Label.swift:92> intrinsicContentSize()  gutter: {0, 0, 0, 0}; intrinsicContentSize: {28, 14.5}
2015-12-15 15:33:12 +0000 [45093255318204] <Label.swift:92> intrinsicContentSize()  gutter: {0, 0, 0, 0}; intrinsicContentSize: {28, 14.5}
2015-12-15 15:33:13 +0000 [45094158039839] <Label.swift:92> intrinsicContentSize()  gutter: {0, 0, 0, 0}; intrinsicContentSize: {28, 14.5}
2015-12-15 15:33:14 +0000 [45095126226169] <Label.swift:92> intrinsicContentSize()  gutter: {0, 0, 0, 0}; intrinsicContentSize: {28, 14.5}
2015-12-15 15:33:14 +0000 [45095249134268] <Label.swift:92> intrinsicContentSize()  gutter: {0, 0, 0, 0}; intrinsicContentSize: {28, 14.5}
2015-12-15 15:33:14 +0000 [45095251907903] <Label.swift:92> intrinsicContentSize()  gutter: {150.5, 0, 0, 0}; intrinsicContentSize: {50.5, 169}
2015-12-15 15:33:15 +0000 [45095580233872] <Label.swift:92> intrinsicContentSize()  gutter: {0, 0, 0, 0}; intrinsicContentSize: {28, 14.5}
2015-12-15 15:33:15 +0000 [45095705281399] <Label.swift:92> intrinsicContentSize()  gutter: {0, 0, 0, 0}; intrinsicContentSize: {28, 14.5}
2015-12-15 15:34:58 +0000 [45198425379876] <Label.swift:92> intrinsicContentSize()  gutter: {0, 0, 0, 0}; intrinsicContentSize: {28, 14.5}
2015-12-15 15:34:58 +0000 [45198552181006] <Label.swift:92> intrinsicContentSize()  gutter: {0, 0, 0, 0}; intrinsicContentSize: {28, 14.5}
2015-12-15 15:34:58 +0000 [45198555105615] <Label.swift:92> intrinsicContentSize()  gutter: {150.5, 0, 0, 0}; intrinsicContentSize: {50.5, 169}
2015-12-15 15:34:58 +0000 [45198883375689] <Label.swift:92> intrinsicContentSize()  gutter: {0, 0, 0, 0}; intrinsicContentSize: {28, 14.5}
2015-12-15 15:34:58 +0000 [45199005991687] <Label.swift:92> intrinsicContentSize()  gutter: {0, 0, 0, 0}; intrinsicContentSize: {28, 14.5}
2015-12-15 15:34:59 +0000 [45200310935793] <Label.swift:92> intrinsicContentSize()  gutter: {0, 0, 0, 0}; intrinsicContentSize: {28, 14.5}
2015-12-15 15:35:00 +0000 [45201269916127] <Label.swift:92> intrinsicContentSize()  gutter: {0, 0, 0, 0}; intrinsicContentSize: {28, 14.5}
2015-12-15 15:35:02 +0000 [45203185858021] <Label.swift:92> intrinsicContentSize()  gutter: {0, 0, 0, 0}; intrinsicContentSize: {28, 14.5}
2015-12-15 15:35:03 +0000 [45204128799067] <Label.swift:92> intrinsicContentSize()  gutter: {0, 0, 0, 0}; intrinsicContentSize: {28, 14.5}
2015-12-15 15:35:04 +0000 [45205097202384] <Label.swift:92> intrinsicContentSize()  gutter: {0, 0, 0, 0}; intrinsicContentSize: {28, 14.5}
2015-12-15 15:35:04 +0000 [45205227369950] <Label.swift:92> intrinsicContentSize()  gutter: {0, 0, 0, 0}; intrinsicContentSize: {28, 14.5}
2015-12-15 15:35:04 +0000 [45205230558368] <Label.swift:92> intrinsicContentSize()  gutter: {150.5, 0, 0, 0}; intrinsicContentSize: {50.5, 169}
2015-12-15 15:35:05 +0000 [45205566334349] <Label.swift:92> intrinsicContentSize()  gutter: {0, 0, 0, 0}; intrinsicContentSize: {28, 14.5}
2015-12-15 15:35:05 +0000 [45205692958319] <Label.swift:92> intrinsicContentSize()  gutter: {0, 0, 0, 0}; intrinsicContentSize: {28, 14.5}
2015-12-15 15:36:46 +0000 [45306849244683] <Label.swift:92> intrinsicContentSize()  gutter: {0, 0, 0, 0}; intrinsicContentSize: {28, 14.5}
2015-12-15 15:36:46 +0000 [45306985156153] <Label.swift:92> intrinsicContentSize()  gutter: {0, 0, 0, 0}; intrinsicContentSize: {28, 14.5}
2015-12-15 15:36:46 +0000 [45306988257158] <Label.swift:92> intrinsicContentSize()  gutter: {150.5, 0, 0, 0}; intrinsicContentSize: {50.5, 169}
2015-12-15 15:36:46 +0000 [45307345168972] <Label.swift:92> intrinsicContentSize()  gutter: {0, 0, 0, 0}; intrinsicContentSize: {28, 14.5}
2015-12-15 15:36:47 +0000 [45307480342616] <Label.swift:92> intrinsicContentSize()  gutter: {0, 0, 0, 0}; intrinsicContentSize: {28, 14.5}
2015-12-15 15:36:48 +0000 [45308776735269] <Label.swift:92> intrinsicContentSize()  gutter: {0, 0, 0, 0}; intrinsicContentSize: {28, 14.5}
2015-12-15 15:36:49 +0000 [45309692497767] <Label.swift:92> intrinsicContentSize()  gutter: {0, 0, 0, 0}; intrinsicContentSize: {28, 14.5}
2015-12-15 15:36:51 +0000 [45311885854800] <Label.swift:92> intrinsicContentSize()  gutter: {0, 0, 0, 0}; intrinsicContentSize: {28, 14.5}
2015-12-15 15:36:52 +0000 [45312824606813] <Label.swift:92> intrinsicContentSize()  gutter: {0, 0, 0, 0}; intrinsicContentSize: {28, 14.5}
2015-12-15 15:36:53 +0000 [45313812467312] <Label.swift:92> intrinsicContentSize()  gutter: {0, 0, 0, 0}; intrinsicContentSize: {28, 14.5}
2015-12-15 15:36:53 +0000 [45313942253437] <Label.swift:92> intrinsicContentSize()  gutter: {0, 0, 0, 0}; intrinsicContentSize: {28, 14.5}
2015-12-15 15:36:53 +0000 [45313945410161] <Label.swift:92> intrinsicContentSize()  gutter: {150.5, 0, 0, 0}; intrinsicContentSize: {50.5, 169}
2015-12-15 15:36:53 +0000 [45314290985219] <Label.swift:92> intrinsicContentSize()  gutter: {0, 0, 0, 0}; intrinsicContentSize: {28, 14.5}
2015-12-15 15:36:53 +0000 [45314422082755] <Label.swift:92> intrinsicContentSize()  gutter: {0, 0, 0, 0}; intrinsicContentSize: {28, 14.5}
2015-12-15 18:05:21 +0000 [46614347293346] <Label.swift:92> intrinsicContentSize()  gutter: {0, 0, 0, 0}; intrinsicContentSize: {28, 14.5}
2015-12-15 18:05:21 +0000 [46614471488555] <Label.swift:92> intrinsicContentSize()  gutter: {0, 0, 0, 0}; intrinsicContentSize: {28, 14.5}
2015-12-15 18:05:21 +0000 [46614474302168] <Label.swift:92> intrinsicContentSize()  gutter: {150.5, 0, 0, 0}; intrinsicContentSize: {50.5, 169}
2015-12-15 18:05:21 +0000 [46614804554802] <Label.swift:92> intrinsicContentSize()  gutter: {0, 0, 0, 0}; intrinsicContentSize: {28, 14.5}
2015-12-15 18:05:21 +0000 [46614927165810] <Label.swift:92> intrinsicContentSize()  gutter: {0, 0, 0, 0}; intrinsicContentSize: {28, 14.5}
2015-12-15 18:05:22 +0000 [46616242175072] <Label.swift:92> intrinsicContentSize()  gutter: {0, 0, 0, 0}; intrinsicContentSize: {28, 14.5}
2015-12-15 18:05:23 +0000 [46617149833105] <Label.swift:92> intrinsicContentSize()  gutter: {0, 0, 0, 0}; intrinsicContentSize: {28, 14.5}
2015-12-15 18:08:01 +0000 [46775178457679] <Label.swift:92> intrinsicContentSize()  gutter: {0, 0, 0, 0}; intrinsicContentSize: {28, 14.5}
2015-12-15 18:08:02 +0000 [46775302918515] <Label.swift:92> intrinsicContentSize()  gutter: {0, 0, 0, 0}; intrinsicContentSize: {28, 14.5}
2015-12-15 18:08:02 +0000 [46775305805461] <Label.swift:92> intrinsicContentSize()  gutter: {150.5, 0, 0, 0}; intrinsicContentSize: {50.5, 169}
2015-12-15 18:08:02 +0000 [46775651307191] <Label.swift:92> intrinsicContentSize()  gutter: {0, 0, 0, 0}; intrinsicContentSize: {28, 14.5}
2015-12-15 18:08:02 +0000 [46775784349424] <Label.swift:92> intrinsicContentSize()  gutter: {0, 0, 0, 0}; intrinsicContentSize: {28, 14.5}
2015-12-15 18:08:03 +0000 [46777135619893] <Label.swift:92> intrinsicContentSize()  gutter: {0, 0, 0, 0}; intrinsicContentSize: {28, 14.5}
2015-12-15 18:08:04 +0000 [46778100625285] <Label.swift:92> intrinsicContentSize()  gutter: {0, 0, 0, 0}; intrinsicContentSize: {28, 14.5}
2015-12-15 18:10:47 +0000 [46941063067108] <Label.swift:92> intrinsicContentSize()  gutter: {0, 0, 0, 0}; intrinsicContentSize: {23.5, 14}
2015-12-15 18:10:48 +0000 [46941985724611] <Label.swift:92> intrinsicContentSize()  gutter: {0, 0, 0, 0}; intrinsicContentSize: {23.5, 14}